###############################################################
#  Generated by:      Cadence Innovus 17.11-s080_1
#  OS:                Linux x86_64(Host ID cad29)
#  Generated on:      Tue Jun 30 16:13:30 2020
#  Design:            CHIP
#  Command:           addMetalFill -layer { metal1 metal2 metal3 metal4 metal5 metal6 } -timingAware sta -slackThreshold 0.2
###############################################################

Iteration name: default
Fill shape type: FILLWIRE
Layer M1 - Fill width    : 0.800um - 2.000um
Layer M1 - Fill length   : 1.000um - 10.000um
Layer M1 - Active spacing: 0.800um
Layer M1 - Gap spacing   : 0.800um
Layer M1 - Window size   : 100um X 100um
Layer M1 - Window step   : 50um X 50um
Layer M1 - Min Density   : 20%
Layer M1 - Pref Density  : 35%
Layer M1 - Max Density   : 80%
Layer M1 - Ext Density   : 35%
Layer M1 - Number of windows (total - met pref density = processed): 870 - 151 = 719
Layer M2 - Fill width    : 0.800um - 2.000um
Layer M2 - Fill length   : 1.000um - 10.000um
Layer M2 - Active spacing: 0.800um
Layer M2 - Gap spacing   : 0.800um
Layer M2 - Window size   : 100um X 100um
Layer M2 - Window step   : 50um X 50um
Layer M2 - Min Density   : 20%
Layer M2 - Pref Density  : 35%
Layer M2 - Max Density   : 80%
Layer M2 - Ext Density   : 35%
Layer M2 - Number of windows (total - met pref density = processed): 870 - 127 = 743
Layer M3 - Fill width    : 0.800um - 2.000um
Layer M3 - Fill length   : 1.000um - 10.000um
Layer M3 - Active spacing: 0.800um
Layer M3 - Gap spacing   : 0.800um
Layer M3 - Window size   : 100um X 100um
Layer M3 - Window step   : 50um X 50um
Layer M3 - Min Density   : 20%
Layer M3 - Pref Density  : 35%
Layer M3 - Max Density   : 80%
Layer M3 - Ext Density   : 35%
Layer M3 - Number of windows (total - met pref density = processed): 870 - 127 = 743
Layer M4 - Fill width    : 0.800um - 2.000um
Layer M4 - Fill length   : 1.000um - 10.000um
Layer M4 - Active spacing: 0.800um
Layer M4 - Gap spacing   : 0.800um
Layer M4 - Window size   : 100um X 100um
Layer M4 - Window step   : 50um X 50um
Layer M4 - Min Density   : 20%
Layer M4 - Pref Density  : 35%
Layer M4 - Max Density   : 80%
Layer M4 - Ext Density   : 35%
Layer M4 - Number of windows (total - met pref density = processed): 870 - 298 = 572
Layer M5 - Fill width    : 0.800um - 2.000um
Layer M5 - Fill length   : 1.000um - 10.000um
Layer M5 - Active spacing: 0.800um
Layer M5 - Gap spacing   : 0.800um
Layer M5 - Window size   : 100um X 100um
Layer M5 - Window step   : 50um X 50um
Layer M5 - Min Density   : 20%
Layer M5 - Pref Density  : 35%
Layer M5 - Max Density   : 80%
Layer M5 - Ext Density   : 35%
Layer M5 - Number of windows (total - met pref density = processed): 870 - 234 = 636
Layer M6 - Fill width    : 1.200um - 2.000um
Layer M6 - Fill length   : 1.200um - 10.000um
Layer M6 - Active spacing: 1.000um
Layer M6 - Gap spacing   : 0.800um
Layer M6 - Window size   : 100um X 100um
Layer M6 - Window step   : 50um X 50um
Layer M6 - Min Density   : 20%
Layer M6 - Pref Density  : 35%
Layer M6 - Max Density   : 80%
Layer M6 - Ext Density   : 35%
Layer M6 - Number of windows (total - met pref density = processed): 870 - 127 = 743

***************Before filling***************

Layer M1 - Number of windows under minimum density (20%): 386 out of total 870.
Layer M1 - Number of windows over maximum density  (80%): 0 out of total 870.

Layer M2 - Number of windows under minimum density (20%): 621 out of total 870.
Layer M2 - Number of windows over maximum density  (80%): 0 out of total 870.

Layer M3 - Number of windows under minimum density (20%): 614 out of total 870.
Layer M3 - Number of windows over maximum density  (80%): 0 out of total 870.

Layer M4 - Number of windows under minimum density (20%): 488 out of total 870.
Layer M4 - Number of windows over maximum density  (80%): 0 out of total 870.

Layer M5 - Number of windows under minimum density (20%): 521 out of total 870.
Layer M5 - Number of windows over maximum density  (80%): 0 out of total 870.

Layer M6 - Number of windows under minimum density (20%): 621 out of total 870.
Layer M6 - Number of windows over maximum density  (80%): 0 out of total 870.

***************After filling***************

Layer M1 - Number of windows under minimum density (20%): 0 out of total 870.
Layer M1 - Number of windows over maximum density  (80%): 0 out of total 870.

Layer M2 - Number of windows under minimum density (20%): 0 out of total 870.
Layer M2 - Number of windows over maximum density  (80%): 0 out of total 870.

Layer M3 - Number of windows under minimum density (20%): 0 out of total 870.
Layer M3 - Number of windows over maximum density  (80%): 0 out of total 870.

Layer M4 - Number of windows under minimum density (20%): 0 out of total 870.
Layer M4 - Number of windows over maximum density  (80%): 0 out of total 870.

Layer M5 - Number of windows under minimum density (20%): 0 out of total 870.
Layer M5 - Number of windows over maximum density  (80%): 0 out of total 870.

Layer M6 - Number of windows under minimum density (20%): 0 out of total 870.
Layer M6 - Number of windows over maximum density  (80%): 0 out of total 870.

