
Cadence Innovus(TM) Implementation System.
Copyright 2017 Cadence Design Systems, Inc. All rights reserved worldwide.

Version:	v17.11-s080_1, built Fri Aug 4 11:13:11 PDT 2017
Options:	
Date:		Thu Jun 25 08:37:15 2020
Host:		cad29 (x86_64 w/Linux 2.6.32-754.el6.x86_64) (10cores*40cpus*Intel(R) Xeon(R) CPU E5-2650 v3 @ 2.30GHz 25600KB)
OS:		CentOS release 6.10 (Final)

License:
		invs	Innovus Implementation System	17.1	checkout succeeded
		8 CPU jobs allowed with the current license(s). Use setMultiCpuUsage to set your required CPU count.
Change the soft stacksize limit to 0.2%RAM (677 mbytes). Set global soft_stack_size_limit to change the value.

**INFO:  MMMC transition support version v31-84 

<CMD> set_global _enable_mmmc_by_default_flow      $CTE::mmmc_default
<CMD> suppressMessage ENCEXT-2799
<CMD> getDrawView
<CMD> loadWorkspace -name Physical
<CMD> win
<CMD> save_global Default.globals
<CMD> set init_gnd_net GND
<CMD> set init_lef_file {lef/header6_V55_20ka_cic.lef lef/fsa0m_a_generic_core.lef lef/FSA0M_A_GENERIC_CORE_ANT_V55.lef lef/fsa0m_a_t33_generic_io.lef lef/FSA0M_A_T33_GENERIC_IO_ANT_V55.lef lef/BONDPAD.lef}
<CMD> set init_verilog design/CHIP_syn.v
<CMD> set init_mmmc_file mmmc.view
<CMD> set init_io_file design/CHIP.ioc
<CMD> set init_top_cell CHIP
<CMD> set init_pwr_net VCC
<CMD> init_design
#% Begin Load MMMC data ... (date=06/25 08:39:18, mem=431.7M)
**ERROR: (TCLCMD-995):	Can not open file 'celtic/u18_ss.cdb' for library set
<CMD> set init_gnd_net GND
<CMD> set init_lef_file {lef/header6_V55_20ka_cic.lef lef/fsa0m_a_generic_core.lef lef/FSA0M_A_GENERIC_CORE_ANT_V55.lef lef/fsa0m_a_t33_generic_io.lef lef/FSA0M_A_T33_GENERIC_IO_ANT_V55.lef lef/BONDPAD.lef}
<CMD> set init_verilog design/CHIP_syn.v
<CMD> set init_mmmc_file mmmc.view
<CMD> set init_io_file design/CHIP.ioc
<CMD> set init_top_cell CHIP
<CMD> set init_pwr_net VCC
<CMD> init_design
% Begin Load MMMC data ... (date=06/25 08:39:32, mem=431.7M)
**ERROR: (TCLCMD-995):	Can not open file 'celtic/u18_ss.cdb' for library set
<CMD> set init_gnd_net GND
<CMD> set init_lef_file {lef/header6_V55_20ka_cic.lef lef/fsa0m_a_generic_core.lef lef/FSA0M_A_GENERIC_CORE_ANT_V55.lef lef/fsa0m_a_t33_generic_io.lef lef/FSA0M_A_T33_GENERIC_IO_ANT_V55.lef lef/BONDPAD.lef}
<CMD> set init_verilog design/CHIP_syn.v
<CMD> set init_mmmc_file mmmc.view
<CMD> set init_io_file design/CHIP.ioc
<CMD> set init_top_cell CHIP
<CMD> set init_pwr_net VCC
<CMD> init_design
% Begin Load MMMC data ... (date=06/25 08:40:06, mem=431.8M)
**ERROR: (TCLCMD-995):	Can not open file 'celtic/u18_ss.cdb' for library set
<CMD> set init_gnd_net GND
<CMD> set init_lef_file {lef/header6_V55_20ka_cic.lef lef/fsa0m_a_generic_core.lef lef/FSA0M_A_GENERIC_CORE_ANT_V55.lef lef/fsa0m_a_t33_generic_io.lef lef/FSA0M_A_T33_GENERIC_IO_ANT_V55.lef lef/BONDPAD.lef}
<CMD> set init_verilog design/CHIP_syn.v
<CMD> set init_mmmc_file mmmc.view
<CMD> set init_io_file design/CHIP.ioc
<CMD> set init_top_cell CHIP
<CMD> set init_pwr_net VCC
<CMD> init_design
% Begin Load MMMC data ... (date=06/25 08:40:57, mem=431.8M)
% End Load MMMC data ... (date=06/25 08:40:57, total cpu=0:00:00.0, real=0:00:00.0, peak res=431.9M, current mem=431.9M)
RC_typ RC_best RC_worst

Loading LEF file lef/header6_V55_20ka_cic.lef ...
WARNING (LEFPARS-2004): DIVIDERCHAR is a required statementon LEF file with version 5.5 and earlier.
Without DIVIDECHAR defined, the LEF file is technically incorrect.
Refer the LEF/DEF 5.5 or earlier Language Referece manual on how to define this statement. See file lef/header6_V55_20ka_cic.lef at line 1290.

Loading LEF file lef/fsa0m_a_generic_core.lef ...
WARNING (LEFPARS-2007): NAMESCASESENSITIVE statement is obsolete in version 5.6 and later.
The LEF parser will ignore this statement.
To avoid this warning in the future, remove this statement from the LEF file with version 5.6 or later. See file lef/fsa0m_a_generic_core.lef at line 1.
Set DBUPerIGU to M2 pitch 620.
WARNING (LEFPARS-2001): No VERSION statement found, using the default value 5.8. See file lef/fsa0m_a_generic_core.lef at line 40071.

Loading LEF file lef/FSA0M_A_GENERIC_CORE_ANT_V55.lef ...
**WARN: (IMPLF-119):	LAYER 'metal1' has been found in the database. Its content except ANTENNA* data will be ignored.
Review the LEF files specified in the init_lef_file variable and remove redundant definitions.
Type 'man IMPLF-119' for more detail.
**WARN: (IMPLF-119):	LAYER 'metal2' has been found in the database. Its content except ANTENNA* data will be ignored.
Review the LEF files specified in the init_lef_file variable and remove redundant definitions.
Type 'man IMPLF-119' for more detail.
**WARN: (IMPLF-119):	LAYER 'metal3' has been found in the database. Its content except ANTENNA* data will be ignored.
Review the LEF files specified in the init_lef_file variable and remove redundant definitions.
Type 'man IMPLF-119' for more detail.
**WARN: (IMPLF-119):	LAYER 'metal4' has been found in the database. Its content except ANTENNA* data will be ignored.
Review the LEF files specified in the init_lef_file variable and remove redundant definitions.
Type 'man IMPLF-119' for more detail.
**WARN: (IMPLF-119):	LAYER 'metal5' has been found in the database. Its content except ANTENNA* data will be ignored.
Review the LEF files specified in the init_lef_file variable and remove redundant definitions.
Type 'man IMPLF-119' for more detail.
**WARN: (IMPLF-119):	LAYER 'metal6' has been found in the database. Its content except ANTENNA* data will be ignored.
Review the LEF files specified in the init_lef_file variable and remove redundant definitions.
Type 'man IMPLF-119' for more detail.
**WARN: (IMPLF-58):	MACRO 'AN2' has been found in the database. Its content except DENSITY and PIN ANTENNA* data will be ignored.
Review the LEF files specified in the init_lef_file variable and remove redundant definitions.
Type 'man IMPLF-58' for more detail.
**WARN: (IMPLF-58):	MACRO 'AN2B1' has been found in the database. Its content except DENSITY and PIN ANTENNA* data will be ignored.
Review the LEF files specified in the init_lef_file variable and remove redundant definitions.
Type 'man IMPLF-58' for more detail.
**WARN: (IMPLF-58):	MACRO 'AN2B1P' has been found in the database. Its content except DENSITY and PIN ANTENNA* data will be ignored.
Review the LEF files specified in the init_lef_file variable and remove redundant definitions.
Type 'man IMPLF-58' for more detail.
**WARN: (IMPLF-58):	MACRO 'AN2B1S' has been found in the database. Its content except DENSITY and PIN ANTENNA* data will be ignored.
Review the LEF files specified in the init_lef_file variable and remove redundant definitions.
Type 'man IMPLF-58' for more detail.
**WARN: (IMPLF-58):	MACRO 'AN2B1T' has been found in the database. Its content except DENSITY and PIN ANTENNA* data will be ignored.
Review the LEF files specified in the init_lef_file variable and remove redundant definitions.
Type 'man IMPLF-58' for more detail.
**WARN: (IMPLF-58):	MACRO 'AN2P' has been found in the database. Its content except DENSITY and PIN ANTENNA* data will be ignored.
Review the LEF files specified in the init_lef_file variable and remove redundant definitions.
Type 'man IMPLF-58' for more detail.
**WARN: (IMPLF-58):	MACRO 'AN2S' has been found in the database. Its content except DENSITY and PIN ANTENNA* data will be ignored.
Review the LEF files specified in the init_lef_file variable and remove redundant definitions.
Type 'man IMPLF-58' for more detail.
**WARN: (IMPLF-58):	MACRO 'AN2T' has been found in the database. Its content except DENSITY and PIN ANTENNA* data will be ignored.
Review the LEF files specified in the init_lef_file variable and remove redundant definitions.
Type 'man IMPLF-58' for more detail.
**WARN: (IMPLF-58):	MACRO 'AN3' has been found in the database. Its content except DENSITY and PIN ANTENNA* data will be ignored.
Review the LEF files specified in the init_lef_file variable and remove redundant definitions.
Type 'man IMPLF-58' for more detail.
**WARN: (IMPLF-58):	MACRO 'AN3B1' has been found in the database. Its content except DENSITY and PIN ANTENNA* data will be ignored.
Review the LEF files specified in the init_lef_file variable and remove redundant definitions.
Type 'man IMPLF-58' for more detail.
**WARN: (IMPLF-58):	MACRO 'AN3B1P' has been found in the database. Its content except DENSITY and PIN ANTENNA* data will be ignored.
Review the LEF files specified in the init_lef_file variable and remove redundant definitions.
Type 'man IMPLF-58' for more detail.
**WARN: (IMPLF-58):	MACRO 'AN3B1S' has been found in the database. Its content except DENSITY and PIN ANTENNA* data will be ignored.
Review the LEF files specified in the init_lef_file variable and remove redundant definitions.
Type 'man IMPLF-58' for more detail.
**WARN: (IMPLF-58):	MACRO 'AN3B1T' has been found in the database. Its content except DENSITY and PIN ANTENNA* data will be ignored.
Review the LEF files specified in the init_lef_file variable and remove redundant definitions.
Type 'man IMPLF-58' for more detail.
**WARN: (IMPLF-58):	MACRO 'AN3B2' has been found in the database. Its content except DENSITY and PIN ANTENNA* data will be ignored.
Review the LEF files specified in the init_lef_file variable and remove redundant definitions.
Type 'man IMPLF-58' for more detail.
**WARN: (IMPLF-58):	MACRO 'AN3B2P' has been found in the database. Its content except DENSITY and PIN ANTENNA* data will be ignored.
Review the LEF files specified in the init_lef_file variable and remove redundant definitions.
Type 'man IMPLF-58' for more detail.
**WARN: (IMPLF-58):	MACRO 'AN3B2S' has been found in the database. Its content except DENSITY and PIN ANTENNA* data will be ignored.
Review the LEF files specified in the init_lef_file variable and remove redundant definitions.
Type 'man IMPLF-58' for more detail.
**WARN: (IMPLF-58):	MACRO 'AN3B2T' has been found in the database. Its content except DENSITY and PIN ANTENNA* data will be ignored.
Review the LEF files specified in the init_lef_file variable and remove redundant definitions.
Type 'man IMPLF-58' for more detail.
**WARN: (IMPLF-58):	MACRO 'AN3P' has been found in the database. Its content except DENSITY and PIN ANTENNA* data will be ignored.
Review the LEF files specified in the init_lef_file variable and remove redundant definitions.
Type 'man IMPLF-58' for more detail.
**WARN: (IMPLF-58):	MACRO 'AN3S' has been found in the database. Its content except DENSITY and PIN ANTENNA* data will be ignored.
Review the LEF files specified in the init_lef_file variable and remove redundant definitions.
Type 'man IMPLF-58' for more detail.
**WARN: (IMPLF-58):	MACRO 'AN3T' has been found in the database. Its content except DENSITY and PIN ANTENNA* data will be ignored.
Review the LEF files specified in the init_lef_file variable and remove redundant definitions.
Type 'man IMPLF-58' for more detail.
**WARN: (EMS-27):	Message (IMPLF-58) has exceeded the current message display limit of 20.
To increase the message display limit, refer to the product command reference manual.
WARNING (LEFPARS-2003): BUSBITCHARS is a required statement on LEF file with version 5.5 and earlier.
Without BUSBITCHARS defined, the LEF file is technically incorrect.
Refer the LEF/DEF 5.5 or earlier Language Referece manual on how to define this statement. See file lef/FSA0M_A_GENERIC_CORE_ANT_V55.lef at line 16493.
WARNING (LEFPARS-2004): DIVIDERCHAR is a required statementon LEF file with version 5.5 and earlier.
Without DIVIDECHAR defined, the LEF file is technically incorrect.
Refer the LEF/DEF 5.5 or earlier Language Referece manual on how to define this statement. See file lef/FSA0M_A_GENERIC_CORE_ANT_V55.lef at line 16493.

Loading LEF file lef/fsa0m_a_t33_generic_io.lef ...
WARNING (LEFPARS-2007): NAMESCASESENSITIVE statement is obsolete in version 5.6 and later.
The LEF parser will ignore this statement.
To avoid this warning in the future, remove this statement from the LEF file with version 5.6 or later. See file lef/fsa0m_a_t33_generic_io.lef at line 1.
WARNING (LEFPARS-2001): No VERSION statement found, using the default value 5.8. See file lef/fsa0m_a_t33_generic_io.lef at line 2034.

Loading LEF file lef/FSA0M_A_T33_GENERIC_IO_ANT_V55.lef ...
**WARN: (IMPLF-119):	LAYER 'metal1' has been found in the database. Its content except ANTENNA* data will be ignored.
Review the LEF files specified in the init_lef_file variable and remove redundant definitions.
Type 'man IMPLF-119' for more detail.
**WARN: (IMPLF-119):	LAYER 'metal2' has been found in the database. Its content except ANTENNA* data will be ignored.
Review the LEF files specified in the init_lef_file variable and remove redundant definitions.
Type 'man IMPLF-119' for more detail.
**WARN: (IMPLF-119):	LAYER 'metal3' has been found in the database. Its content except ANTENNA* data will be ignored.
Review the LEF files specified in the init_lef_file variable and remove redundant definitions.
Type 'man IMPLF-119' for more detail.
**WARN: (IMPLF-119):	LAYER 'metal4' has been found in the database. Its content except ANTENNA* data will be ignored.
Review the LEF files specified in the init_lef_file variable and remove redundant definitions.
Type 'man IMPLF-119' for more detail.
**WARN: (IMPLF-119):	LAYER 'metal5' has been found in the database. Its content except ANTENNA* data will be ignored.
Review the LEF files specified in the init_lef_file variable and remove redundant definitions.
Type 'man IMPLF-119' for more detail.
**WARN: (IMPLF-119):	LAYER 'metal6' has been found in the database. Its content except ANTENNA* data will be ignored.
Review the LEF files specified in the init_lef_file variable and remove redundant definitions.
Type 'man IMPLF-119' for more detail.
WARNING (LEFPARS-2003): BUSBITCHARS is a required statement on LEF file with version 5.5 and earlier.
Without BUSBITCHARS defined, the LEF file is technically incorrect.
Refer the LEF/DEF 5.5 or earlier Language Referece manual on how to define this statement. See file lef/FSA0M_A_T33_GENERIC_IO_ANT_V55.lef at line 791.
WARNING (LEFPARS-2004): DIVIDERCHAR is a required statementon LEF file with version 5.5 and earlier.
Without DIVIDECHAR defined, the LEF file is technically incorrect.
Refer the LEF/DEF 5.5 or earlier Language Referece manual on how to define this statement. See file lef/FSA0M_A_T33_GENERIC_IO_ANT_V55.lef at line 791.

Loading LEF file lef/BONDPAD.lef ...
WARNING (LEFPARS-2002): NAMESCASESENSITIVE is a required statement on LEF file with version 5.5 and earlier.
Without NAMESCASESENSITIVE defined, the LEF file is technically incorrect.
Refer the LEF/DEF 5.5 or earlier Language Referece manual on how to define this statement. See file lef/BONDPAD.lef at line 123.
WARNING (LEFPARS-2003): BUSBITCHARS is a required statement on LEF file with version 5.5 and earlier.
Without BUSBITCHARS defined, the LEF file is technically incorrect.
Refer the LEF/DEF 5.5 or earlier Language Referece manual on how to define this statement. See file lef/BONDPAD.lef at line 123.
WARNING (LEFPARS-2004): DIVIDERCHAR is a required statementon LEF file with version 5.5 and earlier.
Without DIVIDECHAR defined, the LEF file is technically incorrect.
Refer the LEF/DEF 5.5 or earlier Language Referece manual on how to define this statement. See file lef/BONDPAD.lef at line 123.
**WARN: (IMPLF-61):	392 duplicated MACRO definitions have been found in the LEF file(s). Their content except DENSITY and PIN ANTENNA* data have been ignored.
Review the LEF files specified in the init_lef_file variable and remove redundant definitions.
Type 'man IMPLF-61' for more detail.
**WARN: (IMPLF-200):	Pin 'IO' in macro 'ZMA2GSD' has no ANTENNAGATEAREA value defined. The library data is incomplete and some process antenna rules will not be checked correctly.
Type 'man IMPLF-200' for more detail.
**WARN: (IMPLF-200):	Pin 'IO' in macro 'ZMA2GSC' has no ANTENNAGATEAREA value defined. The library data is incomplete and some process antenna rules will not be checked correctly.
Type 'man IMPLF-200' for more detail.
**WARN: (IMPLF-200):	Pin 'I' in macro 'XMD' has no ANTENNAGATEAREA value defined. The library data is incomplete and some process antenna rules will not be checked correctly.
Type 'man IMPLF-200' for more detail.
**WARN: (IMPLF-200):	Pin 'I' in macro 'XMC' has no ANTENNAGATEAREA value defined. The library data is incomplete and some process antenna rules will not be checked correctly.
Type 'man IMPLF-200' for more detail.
**WARN: (IMPLF-200):	Pin 'GNDO' in macro 'GNDIOD' has no ANTENNAGATEAREA value defined. The library data is incomplete and some process antenna rules will not be checked correctly.
Type 'man IMPLF-200' for more detail.
**WARN: (IMPLF-200):	Pin 'GNDO' in macro 'GNDIOC' has no ANTENNAGATEAREA value defined. The library data is incomplete and some process antenna rules will not be checked correctly.
Type 'man IMPLF-200' for more detail.
**WARN: (IMPLF-200):	Pin 'A' in macro 'ANTENNA' has no ANTENNAGATEAREA value defined. The library data is incomplete and some process antenna rules will not be checked correctly.
Type 'man IMPLF-200' for more detail.

viaInitial starts at Thu Jun 25 08:40:57 2020
viaInitial ends at Thu Jun 25 08:40:57 2020
Loading view definition file from mmmc.view
Reading lib_max timing library '/home/raid7_2/userb04/b4502040/ECC/Final/synthesis/lib/fsa0m_a_generic_core_ss1p62v125c.lib' ...
**WARN: (TECHLIB-302):	No function defined for cell 'ANTENNA'. The cell will only be used for analysis. (File /home/raid7_2/userb04/b4502040/ECC/Final/synthesis/lib/fsa0m_a_generic_core_ss1p62v125c.lib)
Read 382 cells in library 'fsa0m_a_generic_core_ss1p62v125c' 
Reading lib_max timing library '/home/raid7_2/userb04/b4502040/ECC/Final/synthesis/lib/fsa0m_a_t33_generic_io_ss1p62v125c.lib' ...
**WARN: (TECHLIB-436):	Attribute 'max_capacitance' on 'output/inout' pin 'O' of cell 'YA2GSC' is not defined in the library. (File /home/raid7_2/userb04/b4502040/ECC/Final/synthesis/lib/fsa0m_a_t33_generic_io_ss1p62v125c.lib)
**WARN: (TECHLIB-436):	Attribute 'max_capacitance' on 'output/inout' pin 'O' of cell 'YA2GSD' is not defined in the library. (File /home/raid7_2/userb04/b4502040/ECC/Final/synthesis/lib/fsa0m_a_t33_generic_io_ss1p62v125c.lib)
**WARN: (TECHLIB-436):	Attribute 'max_capacitance' on 'output/inout' pin 'IO' of cell 'ZMA2GSC' is not defined in the library. (File /home/raid7_2/userb04/b4502040/ECC/Final/synthesis/lib/fsa0m_a_t33_generic_io_ss1p62v125c.lib)
**WARN: (TECHLIB-436):	Attribute 'max_capacitance' on 'output/inout' pin 'IO' of cell 'ZMA2GSD' is not defined in the library. (File /home/raid7_2/userb04/b4502040/ECC/Final/synthesis/lib/fsa0m_a_t33_generic_io_ss1p62v125c.lib)
Read 6 cells in library 'fsa0m_a_t33_generic_io_ss1p62v125c' 
Reading lib_min timing library '/home/raid7_2/userb04/b4502040/ECC/Final/synthesis/lib/fsa0m_a_generic_core_ff1p98vm40c.lib' ...
**WARN: (TECHLIB-302):	No function defined for cell 'ANTENNA'. The cell will only be used for analysis. (File /home/raid7_2/userb04/b4502040/ECC/Final/synthesis/lib/fsa0m_a_generic_core_ff1p98vm40c.lib)
Read 382 cells in library 'fsa0m_a_generic_core_ff1p98vm40c' 
Reading lib_min timing library '/home/raid7_2/userb04/b4502040/ECC/Final/synthesis/lib/fsa0m_a_t33_generic_io_ff1p98vm40c.lib' ...
**WARN: (TECHLIB-436):	Attribute 'max_capacitance' on 'output/inout' pin 'O' of cell 'YA2GSC' is not defined in the library. (File /home/raid7_2/userb04/b4502040/ECC/Final/synthesis/lib/fsa0m_a_t33_generic_io_ff1p98vm40c.lib)
**WARN: (TECHLIB-436):	Attribute 'max_capacitance' on 'output/inout' pin 'O' of cell 'YA2GSD' is not defined in the library. (File /home/raid7_2/userb04/b4502040/ECC/Final/synthesis/lib/fsa0m_a_t33_generic_io_ff1p98vm40c.lib)
**WARN: (TECHLIB-436):	Attribute 'max_capacitance' on 'output/inout' pin 'IO' of cell 'ZMA2GSC' is not defined in the library. (File /home/raid7_2/userb04/b4502040/ECC/Final/synthesis/lib/fsa0m_a_t33_generic_io_ff1p98vm40c.lib)
**WARN: (TECHLIB-436):	Attribute 'max_capacitance' on 'output/inout' pin 'IO' of cell 'ZMA2GSD' is not defined in the library. (File /home/raid7_2/userb04/b4502040/ECC/Final/synthesis/lib/fsa0m_a_t33_generic_io_ff1p98vm40c.lib)
Read 6 cells in library 'fsa0m_a_t33_generic_io_ff1p98vm40c' 
*** End library_loading (cpu=0.03min, real=0.03min, mem=22.6M, fe_cpu=0.41min, fe_real=3.73min, fe_mem=575.0M) ***
% Begin Load netlist data ... (date=06/25 08:40:59, mem=531.2M)
*** Begin netlist parsing (mem=575.0M) ***
**WARN: (IMPVL-159):	Pin 'GND' of cell 'XOR4T' is defined in LEF but not in the timing library.
**WARN: (IMPVL-159):	Pin 'VCC' of cell 'XOR4T' is defined in LEF but not in the timing library.
**WARN: (IMPVL-159):	Pin 'GND' of cell 'XOR4S' is defined in LEF but not in the timing library.
**WARN: (IMPVL-159):	Pin 'VCC' of cell 'XOR4S' is defined in LEF but not in the timing library.
**WARN: (IMPVL-159):	Pin 'GND' of cell 'XOR4P' is defined in LEF but not in the timing library.
**WARN: (IMPVL-159):	Pin 'VCC' of cell 'XOR4P' is defined in LEF but not in the timing library.
**WARN: (IMPVL-159):	Pin 'GND' of cell 'XOR4' is defined in LEF but not in the timing library.
**WARN: (IMPVL-159):	Pin 'VCC' of cell 'XOR4' is defined in LEF but not in the timing library.
**WARN: (IMPVL-159):	Pin 'GND' of cell 'XOR3T' is defined in LEF but not in the timing library.
**WARN: (IMPVL-159):	Pin 'VCC' of cell 'XOR3T' is defined in LEF but not in the timing library.
**WARN: (IMPVL-159):	Pin 'GND' of cell 'XOR3S' is defined in LEF but not in the timing library.
**WARN: (IMPVL-159):	Pin 'VCC' of cell 'XOR3S' is defined in LEF but not in the timing library.
**WARN: (IMPVL-159):	Pin 'GND' of cell 'XOR3P' is defined in LEF but not in the timing library.
**WARN: (IMPVL-159):	Pin 'VCC' of cell 'XOR3P' is defined in LEF but not in the timing library.
**WARN: (IMPVL-159):	Pin 'GND' of cell 'XOR3' is defined in LEF but not in the timing library.
**WARN: (IMPVL-159):	Pin 'VCC' of cell 'XOR3' is defined in LEF but not in the timing library.
**WARN: (IMPVL-159):	Pin 'GND' of cell 'XOR2HT' is defined in LEF but not in the timing library.
**WARN: (IMPVL-159):	Pin 'VCC' of cell 'XOR2HT' is defined in LEF but not in the timing library.
**WARN: (IMPVL-159):	Pin 'GND' of cell 'XOR2HS' is defined in LEF but not in the timing library.
**WARN: (IMPVL-159):	Pin 'VCC' of cell 'XOR2HS' is defined in LEF but not in the timing library.
**WARN: (EMS-27):	Message (IMPVL-159) has exceeded the current message display limit of 20.
To increase the message display limit, refer to the product command reference manual.
Created 388 new cells from 4 timing libraries.
Reading netlist ...
Backslashed names will retain backslash and a trailing blank character.
Reading verilog netlist 'design/CHIP_syn.v'

*** Memory Usage v#1 (Current mem = 576.039M, initial mem = 184.410M) ***
*** End netlist parsing (cpu=0:00:00.1, real=0:00:00.0, mem=576.0M) ***
% End Load netlist data ... (date=06/25 08:40:59, total cpu=0:00:00.1, real=0:00:00.0, peak res=531.2M, current mem=469.9M)
Set top cell to CHIP.
Hooked 776 DB cells to tlib cells.
Starting recursive module instantiation check.
No recursion found.
Building hierarchical netlist for Cell CHIP ...
*** Netlist is unique.
** info: there are 881 modules.
** info: there are 12981 stdCell insts.
** info: there are 32 Pad insts.

*** Memory Usage v#1 (Current mem = 619.207M, initial mem = 184.410M) ***
Reading IO assignment file "design/CHIP.ioc" ...
Adjusting Core to Bottom to: 0.4400.
**WARN: (IMPFP-3961):	The techSite 'iocore_f' has no related standard cells in LEF/OA library. Cannot make calculations for this site type unless standard cell models of this type exist in the LEF/OA library. If the SITE is not used by the library you can ignore this warning or remove the SITE definition from the LEF/OA to avoid this message.
Type 'man IMPFP-3961' for more detail.
**WARN: (IMPFP-3961):	The techSite 'iocore_e' has no related standard cells in LEF/OA library. Cannot make calculations for this site type unless standard cell models of this type exist in the LEF/OA library. If the SITE is not used by the library you can ignore this warning or remove the SITE definition from the LEF/OA to avoid this message.
Type 'man IMPFP-3961' for more detail.
**WARN: (IMPFP-3961):	The techSite 'iocore_ds' has no related standard cells in LEF/OA library. Cannot make calculations for this site type unless standard cell models of this type exist in the LEF/OA library. If the SITE is not used by the library you can ignore this warning or remove the SITE definition from the LEF/OA to avoid this message.
Type 'man IMPFP-3961' for more detail.
**WARN: (IMPFP-3961):	The techSite 'iocore_cs' has no related standard cells in LEF/OA library. Cannot make calculations for this site type unless standard cell models of this type exist in the LEF/OA library. If the SITE is not used by the library you can ignore this warning or remove the SITE definition from the LEF/OA to avoid this message.
Type 'man IMPFP-3961' for more detail.
**WARN: (IMPFP-3961):	The techSite 'iocore_d' has no related standard cells in LEF/OA library. Cannot make calculations for this site type unless standard cell models of this type exist in the LEF/OA library. If the SITE is not used by the library you can ignore this warning or remove the SITE definition from the LEF/OA to avoid this message.
Type 'man IMPFP-3961' for more detail.
**WARN: (IMPFP-3961):	The techSite 'iocore_c' has no related standard cells in LEF/OA library. Cannot make calculations for this site type unless standard cell models of this type exist in the LEF/OA library. If the SITE is not used by the library you can ignore this warning or remove the SITE definition from the LEF/OA to avoid this message.
Type 'man IMPFP-3961' for more detail.
**WARN: (IMPFP-3961):	The techSite 'iocore_b' has no related standard cells in LEF/OA library. Cannot make calculations for this site type unless standard cell models of this type exist in the LEF/OA library. If the SITE is not used by the library you can ignore this warning or remove the SITE definition from the LEF/OA to avoid this message.
Type 'man IMPFP-3961' for more detail.
**WARN: (IMPFP-3961):	The techSite 'iocore_a' has no related standard cells in LEF/OA library. Cannot make calculations for this site type unless standard cell models of this type exist in the LEF/OA library. If the SITE is not used by the library you can ignore this warning or remove the SITE definition from the LEF/OA to avoid this message.
Type 'man IMPFP-3961' for more detail.
Generated pitch 2.48 in metal6 is different from 2.4 defined in technology file in preferred direction.
Set Default Net Delay as 1000 ps.
Set Default Net Load as 0.5 pF. 
Set Default Input Pin Transition as 0.1 ps.
*Info: initialize multi-corner CTS.
Reading timing constraints file 'design/CHIP.sdc' ...
Current (total cpu=0:00:29.4, real=0:03:48, peak res=627.0M, current mem=627.0M)
**WARN: (TCLCMD-1014):	The SDC set_operating_conditions assertion is not supported. Please use the create_delay_corner command to specify the desired operating enviroment. Use the setAnalysisMode command to control single vs. bestCase/worstCase vs. on-chip variation timing analysis. (File design/CHIP.sdc, Line 12).

**ERROR: (TCLCMD-290):	Could not find technology library 'fsa0m_a_generic_core_tt1p8v25c' (File design/CHIP.sdc, Line 13).

**WARN: (TCLNL-330):	set_input_delay on clock root 'i_clk' is not supported. You should use the -source option to set_clock_latency to provide this offset. You can also use the global timing_allow_input_delay_on_clock_source to allow set_input_delay assertion to have an effect on clock source paths beginning at this clock root. (File design/CHIP.sdc, Line 28).

INFO (CTE): Reading of timing constraints file design/CHIP.sdc completed, with 2 Warnings and 1 Errors.
WARNING (CTE-25): Line: 15 of File design/CHIP.sdc : Skipped unsupported command: set_max_area


WARNING (CTE-25): Line: 8 of File design/CHIP.sdc : Skipped unsupported command: set_units


Ending "Constraint file reading stats" (total cpu=0:00:00.3, real=0:00:01.0, peak res=644.3M, current mem=644.3M)
Current (total cpu=0:00:29.7, real=0:03:49, peak res=644.3M, current mem=644.3M)
Reading timing constraints file 'design/CHIP.sdc' ...
Current (total cpu=0:00:29.7, real=0:03:49, peak res=644.3M, current mem=644.3M)
**WARN: (TCLCMD-1014):	The SDC set_operating_conditions assertion is not supported. Please use the create_delay_corner command to specify the desired operating enviroment. Use the setAnalysisMode command to control single vs. bestCase/worstCase vs. on-chip variation timing analysis. (File design/CHIP.sdc, Line 12).

**ERROR: (TCLCMD-290):	Could not find technology library 'fsa0m_a_generic_core_tt1p8v25c' (File design/CHIP.sdc, Line 13).

**WARN: (TCLNL-330):	set_input_delay on clock root 'i_clk' is not supported. You should use the -source option to set_clock_latency to provide this offset. You can also use the global timing_allow_input_delay_on_clock_source to allow set_input_delay assertion to have an effect on clock source paths beginning at this clock root. (File design/CHIP.sdc, Line 28).

INFO (CTE): Reading of timing constraints file design/CHIP.sdc completed, with 2 Warnings and 1 Errors.
WARNING (CTE-25): Line: 15 of File design/CHIP.sdc : Skipped unsupported command: set_max_area


WARNING (CTE-25): Line: 8 of File design/CHIP.sdc : Skipped unsupported command: set_units


Ending "Constraint file reading stats" (total cpu=0:00:00.0, real=0:00:00.0, peak res=644.7M, current mem=644.7M)
Current (total cpu=0:00:29.7, real=0:03:49, peak res=644.7M, current mem=644.7M)
Total number of combinational cells: 290
Total number of sequential cells: 79
Total number of tristate cells: 13
Total number of level shifter cells: 0
Total number of power gating cells: 0
Total number of isolation cells: 0
Total number of power switch cells: 0
Total number of pulse generator cells: 0
Total number of always on buffers: 0
Total number of retention cells: 0
List of usable buffers: BUF1 BUF12CK BUF1S BUF1CK BUF2CK BUF2 BUF3 BUF4 BUF3CK BUF4CK BUF6CK BUF6 BUF8 BUF8CK
Total number of usable buffers: 14
List of unusable buffers:
Total number of unusable buffers: 0
List of usable inverters: INV1 INV12 INV12CK INV1CK INV1S INV2 INV3 INV2CK INV4 INV3CK INV4CK INV6 INV6CK INV8 INV8CK
Total number of usable inverters: 15
List of unusable inverters:
Total number of unusable inverters: 0
List of identified usable delay cells: DELA DELC DELB
Total number of identified usable delay cells: 3
List of identified unusable delay cells:
Total number of identified unusable delay cells: 0
Extraction setup Started 
Initializing multi-corner RC extraction with 2 active RC Corners ...
**WARN: (IMPEXT-6202):	In addition to the technology file, the capacitance table file is specified for all the RC corners. If the technology file  is already specified for all the RC corners, the capacitance table file is not required for preRoute and postRoute extraction. In a new session, the capacitance table files can be removed from the create_rc_corner command to enable the technology file to be used for preRoute and postRoute (effort level medium/high/signoff) extraction engines.
Type 'man IMPEXT-6202' for more detail.
Reading Capacitance Table File u18_Faraday.CapTbl ...
Cap table was created using Encounter 13.13-s017_1.
Process name: MIXED_MODE_RFCMOS18_1P6M_MMC_TOP_METAL20_6K.
Reading Capacitance Table File u18_Faraday.CapTbl ...
Cap table was created using Encounter 13.13-s017_1.
Process name: MIXED_MODE_RFCMOS18_1P6M_MMC_TOP_METAL20_6K.
Importing multi-corner RC tables ... 
Summary of Active RC-Corners : 
 
 Analysis View: av_func_mode_max
    RC-Corner Name        : RC_worst
    RC-Corner Index       : 0
    RC-Corner Temperature : 25 Celsius
    RC-Corner Cap Table   : 'u18_Faraday.CapTbl'
    RC-Corner PreRoute Res Factor         : 1
    RC-Corner PreRoute Cap Factor         : 1
    RC-Corner PostRoute Res Factor        : 1 {1 1 1}
    RC-Corner PostRoute Cap Factor        : 1 {1 1 1}
    RC-Corner PostRoute XCap Factor       : 1 {1 1 1}
    RC-Corner PreRoute Clock Res Factor   : 1	[Derived from postRoute_res (effortLevel low)]
    RC-Corner PreRoute Clock Cap Factor   : 1	[Derived from postRoute_cap (effortLevel low)]
    RC-Corner PostRoute Clock Cap Factor  : 1 {1 1 1} 	[Derived from postRoute_cap (effortLevel low)]
    RC-Corner PostRoute Clock Res Factor  : 1 {1 1 1} 	[Derived from postRoute_res (effortLevel low)]
    RC-Corner Technology file: 'FireIce/icecaps.tch'
 
 Analysis View: av_scan_mode_max
    RC-Corner Name        : RC_worst
    RC-Corner Index       : 0
    RC-Corner Temperature : 25 Celsius
    RC-Corner Cap Table   : 'u18_Faraday.CapTbl'
    RC-Corner PreRoute Res Factor         : 1
    RC-Corner PreRoute Cap Factor         : 1
    RC-Corner PostRoute Res Factor        : 1 {1 1 1}
    RC-Corner PostRoute Cap Factor        : 1 {1 1 1}
    RC-Corner PostRoute XCap Factor       : 1 {1 1 1}
    RC-Corner PreRoute Clock Res Factor   : 1	[Derived from postRoute_res (effortLevel low)]
    RC-Corner PreRoute Clock Cap Factor   : 1	[Derived from postRoute_cap (effortLevel low)]
    RC-Corner PostRoute Clock Cap Factor  : 1 {1 1 1} 	[Derived from postRoute_cap (effortLevel low)]
    RC-Corner PostRoute Clock Res Factor  : 1 {1 1 1} 	[Derived from postRoute_res (effortLevel low)]
    RC-Corner Technology file: 'FireIce/icecaps.tch'
 
 Analysis View: av_func_mode_min
    RC-Corner Name        : RC_best
    RC-Corner Index       : 1
    RC-Corner Temperature : 25 Celsius
    RC-Corner Cap Table   : 'u18_Faraday.CapTbl'
    RC-Corner PreRoute Res Factor         : 1
    RC-Corner PreRoute Cap Factor         : 1
    RC-Corner PostRoute Res Factor        : 1 {1 1 1}
    RC-Corner PostRoute Cap Factor        : 1 {1 1 1}
    RC-Corner PostRoute XCap Factor       : 1 {1 1 1}
    RC-Corner PreRoute Clock Res Factor   : 1	[Derived from postRoute_res (effortLevel low)]
    RC-Corner PreRoute Clock Cap Factor   : 1	[Derived from postRoute_cap (effortLevel low)]
    RC-Corner PostRoute Clock Cap Factor  : 1 {1 1 1} 	[Derived from postRoute_cap (effortLevel low)]
    RC-Corner PostRoute Clock Res Factor  : 1 {1 1 1} 	[Derived from postRoute_res (effortLevel low)]
    RC-Corner Technology file: 'FireIce/icecaps.tch'
 
 Analysis View: av_scan_mode_min
    RC-Corner Name        : RC_best
    RC-Corner Index       : 1
    RC-Corner Temperature : 25 Celsius
    RC-Corner Cap Table   : 'u18_Faraday.CapTbl'
    RC-Corner PreRoute Res Factor         : 1
    RC-Corner PreRoute Cap Factor         : 1
    RC-Corner PostRoute Res Factor        : 1 {1 1 1}
    RC-Corner PostRoute Cap Factor        : 1 {1 1 1}
    RC-Corner PostRoute XCap Factor       : 1 {1 1 1}
    RC-Corner PreRoute Clock Res Factor   : 1	[Derived from postRoute_res (effortLevel low)]
    RC-Corner PreRoute Clock Cap Factor   : 1	[Derived from postRoute_cap (effortLevel low)]
    RC-Corner PostRoute Clock Cap Factor  : 1 {1 1 1} 	[Derived from postRoute_cap (effortLevel low)]
    RC-Corner PostRoute Clock Res Factor  : 1 {1 1 1} 	[Derived from postRoute_res (effortLevel low)]
    RC-Corner Technology file: 'FireIce/icecaps.tch'
<CMD> clearGlobalNets
<CMD> globalNetConnect VCC -type pgpin -pin VCC -inst *
<CMD> globalNetConnect GND -type pgpin -pin GND -inst *
<CMD> getIoFlowFlag
<CMD> setIoFlowFlag 0
<CMD> floorPlan -site core_5040 -d 1500 1500 80 80 80 80
**WARN: (IMPFP-4026):	Adjusting core to 'Left' to 79.980000 due to track/row misalignment. To force the value, specify the -noSnapToGrid option or use fpiSetSnapRule command to specify the die/core to different grid.
**WARN: (IMPFP-4026):	Adjusting core to 'Bottom' to 80.080000 due to track/row misalignment. To force the value, specify the -noSnapToGrid option or use fpiSetSnapRule command to specify the die/core to different grid.
**WARN: (IMPFP-4026):	Adjusting core to 'Right' to 79.980000 due to track/row misalignment. To force the value, specify the -noSnapToGrid option or use fpiSetSnapRule command to specify the die/core to different grid.
**WARN: (IMPFP-4026):	Adjusting core to 'Top' to 80.080000 due to track/row misalignment. To force the value, specify the -noSnapToGrid option or use fpiSetSnapRule command to specify the die/core to different grid.
Generated pitch 2.48 in metal6 is different from 2.4 defined in technology file in preferred direction.
**WARN: (IMPFP-325):	Floorplan of the design is resized. All current floorplan objects are automatically derived based on specified new floorplan. This may change blocks, fixed standard cells, existing routes and blockages.
<CMD> uiSetTool select
<CMD> getIoFlowFlag
<CMD> fit
<CMD> setIoFlowFlag 0
<CMD> floorPlan -site core_5040 -d 1499.78 1500.24 79.98 80.08 79.98 80.08
Generated pitch 2.48 in metal6 is different from 2.4 defined in technology file in preferred direction.
<CMD> uiSetTool select
<CMD> getIoFlowFlag
<CMD> fit
<CMD> setDrawView fplan
<CMD> setDrawView place
<CMD> setDrawView place
<CMD> setDrawView place
<CMD> set sprCreateIeRingOffset 1.0
<CMD> set sprCreateIeRingThreshold 1.0
<CMD> set sprCreateIeRingJogDistance 1.0
<CMD> set sprCreateIeRingLayers {}
<CMD> set sprCreateIeRingOffset 1.0
<CMD> set sprCreateIeRingThreshold 1.0
<CMD> set sprCreateIeRingJogDistance 1.0
<CMD> set sprCreateIeRingLayers {}
<CMD> set sprCreateIeStripeWidth 10.0
<CMD> set sprCreateIeStripeThreshold 1.0
<CMD> set sprCreateIeStripeWidth 10.0
<CMD> set sprCreateIeStripeThreshold 1.0
<CMD> set sprCreateIeRingOffset 1.0
<CMD> set sprCreateIeRingThreshold 1.0
<CMD> set sprCreateIeRingJogDistance 1.0
<CMD> set sprCreateIeRingLayers {}
<CMD> set sprCreateIeStripeWidth 10.0
<CMD> set sprCreateIeStripeThreshold 1.0
<CMD> setAddRingMode -ring_target default -extend_over_row 0 -ignore_rows 0 -avoid_short 0 -skip_crossing_trunks none -stacked_via_top_layer metal6 -stacked_via_bottom_layer metal1 -via_using_exact_crossover_size 1 -orthogonal_only true -skip_via_on_pin {  standardcell } -skip_via_on_wire_shape {  noshape }
The ring targets are set to core/block ring wires.
addRing command will consider rows while creating rings.
addRing command will disallow rings to go over rows.
addRing command will ignore shorts while creating rings.
<CMD> addRing -nets {VCC GND} -type core_rings -follow core -layer {top metal5 bottom metal5 left metal4 right metal4} -width {top 2 bottom 2 left 2 right 2} -spacing {top 0.28 bottom 0.28 left 0.28 right 0.28} -offset {top 1.8 bottom 1.8 left 1.8 right 1.8} -center 1 -extend_corner {} -threshold 0 -jog_distance 0 -snap_wire_center_to_grid None -use_wire_group 1 -use_wire_group_bits 15 -use_interleaving_wire_group 1

Ring generation is complete.
vias are now being generated.
addRing created 120 wires.
ViaGen created 1800 vias, deleted 0 via to avoid violation.
+--------+----------------+----------------+
|  Layer |     Created    |     Deleted    |
+--------+----------------+----------------+
| metal4 |       60       |       NA       |
|  via4  |      1800      |        0       |
| metal5 |       60       |       NA       |
+--------+----------------+----------------+
<CMD> setAddRingMode -ring_target default -extend_over_row 0 -ignore_rows 0 -avoid_short 0 -skip_crossing_trunks none -stacked_via_top_layer metal6 -stacked_via_bottom_layer metal1 -via_using_exact_crossover_size 1 -orthogonal_only true -skip_via_on_pin {  standardcell } -skip_via_on_wire_shape {  noshape }
The ring targets are set to core/block ring wires.
addRing command will consider rows while creating rings.
addRing command will disallow rings to go over rows.
addRing command will ignore shorts while creating rings.
<CMD> addRing -nets {VCC GND} -type core_rings -follow core -layer {top metal5 bottom metal5 left metal4 right metal4} -width {top 2 bottom 2 left 2 right 2} -spacing {top 0.28 bottom 0.28 left 0.28 right 0.28} -offset {top 1.8 bottom 1.8 left 1.8 right 1.8} -center 1 -extend_corner {} -threshold 0 -jog_distance 0 -snap_wire_center_to_grid None -use_wire_group 1 -use_wire_group_bits 15 -use_interleaving_wire_group 1

Ring generation is complete.
<CMD> setSrouteMode -viaConnectToShape { noshape }
<CMD> sroute -connect { padPin } -layerChangeRange { metal1(1) metal6(6) } -blockPinTarget { nearestTarget } -padPinPortConnect { allPort oneGeom } -padPinTarget { nearestTarget } -allowJogging 1 -crossoverViaLayerRange { metal1(1) metal6(6) } -nets { VCC GND } -allowLayerChange 1 -targetViaLayerRange { metal1(1) metal6(6) }
**WARN: (IMPSR-4058):	Sroute option: blockPinTarget should be used in conjunction with option: -connect blockPin. 
*** Begin SPECIAL ROUTE on Thu Jun 25 08:47:17 2020 ***
SPECIAL ROUTE ran on directory: /home/raid7_2/userb04/b4502040/ECC/Final/synthesis
SPECIAL ROUTE ran on machine: cad29 (Linux 2.6.32-754.el6.x86_64 Xeon 2.30Ghz)

Begin option processing ...
srouteConnectPowerBump set to false
routeSelectNet set to "VCC GND"
routeSpecial set to true
srouteBottomLayerLimit set to 1
srouteBottomTargetLayerLimit set to 1
srouteConnectBlockPin set to false
srouteConnectConverterPin set to false
srouteConnectCorePin set to false
srouteConnectStripe set to false
srouteCrossoverViaBottomLayer set to 1
srouteCrossoverViaTopLayer set to 6
srouteFollowCorePinEnd set to 3
srouteFollowPadPin set to false
srouteJogControl set to "preferWithChanges differentLayer"
srouteNoViaOnWireShape set to "padring ring stripe blockring blockpin coverpin blockwire corewire followpin iowire"
sroutePadPinAllPorts set to true
sroutePreserveExistingRoutes set to true
srouteRoutePowerBarPortOnBothDir set to true
srouteStopBlockPin set to "nearestTarget"
srouteTopLayerLimit set to 6
srouteTopTargetLayerLimit set to 6
End option processing: cpu: 0:00:00, real: 0:00:00, peak: 1894.00 megs.

Reading DB technology information...
Finished reading DB technology information.
Reading floorplan and netlist information...
Finished reading floorplan and netlist information.
Read in 12 layers, 6 routing layers, 1 overlap layer
Read in 126 macros, 126 used
Read in 163 components
  119 core components: 119 unplaced, 0 placed, 0 fixed
  44 pad components: 0 unplaced, 0 placed, 44 fixed
Read in 32 logical pins
Read in 32 nets
Read in 2 special nets, 2 routed
Read in 242 terminals
2 nets selected.

Begin power routing ...
  Number of IO ports routed: 12
End power routing: cpu: 0:00:00, real: 0:00:00, peak: 1905.00 megs.



 Begin updating DB with routing results ...
 Updating DB with 0 via definition ...Extracting standard cell pins and blockage ...... 
Pin and blockage extraction finished

sroute created 12 wires.
ViaGen created 12 vias, deleted 0 via to avoid violation.
+--------+----------------+----------------+
|  Layer |     Created    |     Deleted    |
+--------+----------------+----------------+
| metal4 |       12       |       NA       |
|  via4  |       12       |        0       |
+--------+----------------+----------------+
<CMD> setVerifyGeometryMode -area { 0 0 0 0 } -minWidth true -minSpacing true -minArea true -sameNet true -short true -overlap true -offRGrid false -offMGrid true -mergedMGridCheck true -minHole true -implantCheck true -minimumCut true -minStep true -viaEnclosure true -antenna false -insuffMetalOverlap true -pinInBlkg false -diffCellViol true -sameCellViol false -padFillerCellsOverlap true -routingBlkgPinOverlap true -routingCellBlkgOverlap true -regRoutingOnly false -stackedViasOnRegNet false -wireExt true -useNonDefaultSpacing false -maxWidth true -maxNonPrefLength -1 -error 1000
<CMD> verifyGeometry
 *** Starting Verify Geometry (MEM: 1125.1) ***

**WARN: (IMPVFG-257):	verifyGeometry command is replaced by verify_drc command. It still works in this release but will be removed in future release. Please update your script to use the new command.
  VERIFY GEOMETRY ...... Starting Verification
  VERIFY GEOMETRY ...... Initializing
  VERIFY GEOMETRY ...... Deleting Existing Violations
  VERIFY GEOMETRY ...... Creating Sub-Areas
                  ...... bin size: 10800
VG: elapsed time: 1.00
Begin Summary ...
  Cells       : 0
  SameNet     : 0
  Wiring      : 0
  Antenna     : 0
  Short       : 0
  Overlap     : 0
End Summary

  Verification Complete : 0 Viols.  0 Wrngs.

**********End: VERIFY GEOMETRY**********
 *** verify geometry (CPU: 0:00:00.3  MEM: 70.5M)

<CMD> setVerifyGeometryMode -area { 0 0 0 0 }
<CMD> set sprCreateIeRingOffset 1.0
<CMD> set sprCreateIeRingThreshold 1.0
<CMD> set sprCreateIeRingJogDistance 1.0
<CMD> set sprCreateIeRingLayers {}
<CMD> set sprCreateIeRingOffset 1.0
<CMD> set sprCreateIeRingThreshold 1.0
<CMD> set sprCreateIeRingJogDistance 1.0
<CMD> set sprCreateIeRingLayers {}
<CMD> set sprCreateIeStripeWidth 10.0
<CMD> set sprCreateIeStripeThreshold 1.0
<CMD> set sprCreateIeStripeWidth 10.0
<CMD> set sprCreateIeStripeThreshold 1.0
<CMD> set sprCreateIeRingOffset 1.0
<CMD> set sprCreateIeRingThreshold 1.0
<CMD> set sprCreateIeRingJogDistance 1.0
<CMD> set sprCreateIeRingLayers {}
<CMD> set sprCreateIeStripeWidth 10.0
<CMD> set sprCreateIeStripeThreshold 1.0
<CMD> setAddStripeMode -ignore_block_check false -break_at none -route_over_rows_only false -rows_without_stripes_only false -extend_to_closest_target none -stop_at_last_wire_for_area false -partial_set_thru_domain false -ignore_nondefault_domains false -trim_antenna_back_to_shape none -spacing_type edge_to_edge -spacing_from_block 0 -stripe_min_length 0 -stacked_via_top_layer metal6 -stacked_via_bottom_layer metal1 -via_using_exact_crossover_size false -split_vias false -orthogonal_only true -allow_jog { padcore_ring  block_ring }
addStripe will allow jog to connect padcore ring and block ring.
Stripes will stop at the boundary of the specified area.
When breaking rings, the power planner will consider the existence of blocks.
Stripes will not extend to closest target.
The power planner will set stripe antenna targets to none (no trimming allowed).
Stripes will not be created over regions without power planning wires.
The entire stripe set will break at the domain if one of the nets is not in the domain.
addStripe will break automatically at non-default domains when generating global stripes over the core area or default domain.
AddStripe segment minimum length set to 1
Offset for stripe breaking is set to 0.
<CMD> addStripe -nets {VCC GND} -layer metal4 -direction vertical -width 1 -spacing 0.28 -set_to_set_distance 50 -start_from left -start_offset 20 -stop_offset 20 -switch_layer_over_obs false -max_same_layer_jog_length 2 -padcore_ring_top_layer_limit metal6 -padcore_ring_bottom_layer_limit metal1 -block_ring_top_layer_limit metal6 -block_ring_bottom_layer_limit metal1 -use_wire_group 0 -snap_wire_center_to_grid None -skip_via_on_pin {  standardcell } -skip_via_on_wire_shape {  noshape }

Starting stripe generation ...
Non-Default Mode Option Settings :
  NONE
**WARN: (IMPPP-531):	ViaGen Warning: SPACING rule violation, no via created on layer via4 at (691.10, 148.38) (691.10, 150.38).
**WARN: (IMPPP-531):	ViaGen Warning: SPACING rule violation, no via created on layer via4 at (691.10, 152.94) (691.10, 154.94).
**WARN: (IMPPP-531):	ViaGen Warning: SPACING rule violation, no via created on layer via4 at (692.38, 1287.58) (692.38, 1289.58).
**WARN: (IMPPP-531):	ViaGen Warning: SPACING rule violation, no via created on layer via4 at (792.38, 146.10) (792.38, 148.10).
**WARN: (IMPPP-531):	ViaGen Warning: SPACING rule violation, no via created on layer via4 at (792.38, 150.66) (792.38, 152.66).
**WARN: (IMPPP-531):	ViaGen Warning: SPACING rule violation, no via created on layer via3 at (792.38, 146.10) (792.38, 148.10).
**WARN: (IMPPP-531):	ViaGen Warning: MINAREA rule violation, no via created on layer metal3 at (792.38, 146.10) (792.38, 148.10).
**WARN: (IMPPP-531):	ViaGen Warning: MINAREA rule violation, no via created on layer metal3 at (792.38, 146.10) (792.38, 148.10).
**WARN: (IMPPP-531):	ViaGen Warning: SPACING rule violation, no via created on layer via3 at (691.10, 148.38) (691.10, 150.38).
**WARN: (IMPPP-531):	ViaGen Warning: MINAREA rule violation, no via created on layer metal3 at (691.10, 148.38) (691.10, 150.38).
**WARN: (IMPPP-531):	ViaGen Warning: MINAREA rule violation, no via created on layer metal3 at (691.10, 148.38) (691.10, 150.38).
**WARN: (IMPPP-531):	ViaGen Warning: SPACING rule violation, no via created on layer via3 at (791.10, 1349.14) (791.10, 1351.14).
**WARN: (IMPPP-531):	ViaGen Warning: MINAREA rule violation, no via created on layer metal3 at (791.10, 1349.14) (791.10, 1351.14).
**WARN: (IMPPP-531):	ViaGen Warning: MINAREA rule violation, no via created on layer metal3 at (791.10, 1349.14) (791.10, 1351.14).
**WARN: (IMPPP-531):	ViaGen Warning: SPACING rule violation, no via created on layer via3 at (692.38, 1351.42) (692.38, 1353.42).
**WARN: (IMPPP-531):	ViaGen Warning: MINAREA rule violation, no via created on layer metal3 at (692.38, 1351.42) (692.38, 1353.42).
**WARN: (IMPPP-531):	ViaGen Warning: MINAREA rule violation, no via created on layer metal3 at (692.38, 1351.42) (692.38, 1353.42).
Stripe generation is complete.
vias are now being generated.
addStripe created 50 wires.
ViaGen created 1264 vias, deleted 0 via to avoid violation.
+--------+----------------+----------------+
|  Layer |     Created    |     Deleted    |
+--------+----------------+----------------+
| metal4 |       46       |       NA       |
|  via4  |      1264      |        0       |
| metal5 |        4       |       NA       |
+--------+----------------+----------------+
<CMD> saveDesign dbs/powerplan
% Begin save design ... (date=06/25 08:49:15, mem=965.6M)
% Begin Save netlist data ... (date=06/25 08:49:16, mem=966.2M)
Writing Binary DB to dbs/powerplan.dat/CHIP.v.bin in single-threaded mode...
% End Save netlist data ... (date=06/25 08:49:16, total cpu=0:00:00.0, real=0:00:00.0, peak res=966.5M, current mem=966.5M)
% Begin Save AAE data ... (date=06/25 08:49:16, mem=966.2M)
Saving AAE Data ...
% End Save AAE data ... (date=06/25 08:49:16, total cpu=0:00:00.0, real=0:00:00.0, peak res=966.2M, current mem=966.2M)
% Begin Save clock tree data ... (date=06/25 08:49:16, mem=967.0M)
% End Save clock tree data ... (date=06/25 08:49:16, total cpu=0:00:00.0, real=0:00:00.0, peak res=967.0M, current mem=967.0M)
Saving preference file dbs/powerplan.dat/gui.pref.tcl ...
Saving mode setting ...
Saving global file ...
% Begin Save floorplan data ... (date=06/25 08:49:16, mem=967.2M)
Saving floorplan file ...
% End Save floorplan data ... (date=06/25 08:49:16, total cpu=0:00:00.0, real=0:00:00.0, peak res=967.3M, current mem=967.3M)
Saving Drc markers ...
... No Drc file written since there is no markers found.
% Begin Save placement data ... (date=06/25 08:49:16, mem=967.3M)
** Saving stdCellPlacement_binary (version# 1) ...
% End Save placement data ... (date=06/25 08:49:16, total cpu=0:00:00.0, real=0:00:00.0, peak res=967.4M, current mem=967.4M)
% Begin Save routing data ... (date=06/25 08:49:16, mem=967.4M)
Saving route file ...
*** Completed saveRoute (cpu=0:00:00.0 real=0:00:00.0 mem=1216.6M) ***
% End Save routing data ... (date=06/25 08:49:16, total cpu=0:00:00.0, real=0:00:00.0, peak res=967.4M, current mem=967.4M)
Saving property file dbs/powerplan.dat/CHIP.prop
*** Completed saveProperty (cpu=0:00:00.0 real=0:00:00.0 mem=1216.6M) ***
% Begin Save power constraints data ... (date=06/25 08:49:16, mem=969.7M)
% End Save power constraints data ... (date=06/25 08:49:16, total cpu=0:00:00.0, real=0:00:00.0, peak res=969.7M, current mem=969.7M)
RC_typ RC_best RC_worst
RC_typ RC_best RC_worst
RC_typ RC_best RC_worst
RC_typ RC_best RC_worst
RC_typ RC_best RC_worst
RC_typ RC_best RC_worst
RC_typ RC_best RC_worst
Generated self-contained design powerplan.dat
% End save design ... (date=06/25 08:49:17, total cpu=0:00:00.5, real=0:00:01.0, peak res=969.8M, current mem=969.8M)
<CMD> setVerifyGeometryMode -area { 0 0 0 0 } -minWidth true -minSpacing true -minArea true -sameNet true -short true -overlap true -offRGrid false -offMGrid true -mergedMGridCheck true -minHole true -implantCheck true -minimumCut true -minStep true -viaEnclosure true -antenna false -insuffMetalOverlap true -pinInBlkg false -diffCellViol true -sameCellViol false -padFillerCellsOverlap true -routingBlkgPinOverlap true -routingCellBlkgOverlap true -regRoutingOnly false -stackedViasOnRegNet false -wireExt true -useNonDefaultSpacing false -maxWidth true -maxNonPrefLength -1 -error 1000
<CMD> verifyGeometry
 *** Starting Verify Geometry (MEM: 1182.9) ***

**WARN: (IMPVFG-257):	verifyGeometry command is replaced by verify_drc command. It still works in this release but will be removed in future release. Please update your script to use the new command.
  VERIFY GEOMETRY ...... Starting Verification
  VERIFY GEOMETRY ...... Initializing
  VERIFY GEOMETRY ...... Deleting Existing Violations
  VERIFY GEOMETRY ...... Creating Sub-Areas
                  ...... bin size: 10800
VG: elapsed time: 0.00
Begin Summary ...
  Cells       : 0
  SameNet     : 0
  Wiring      : 0
  Antenna     : 0
  Short       : 0
  Overlap     : 0
End Summary

  Verification Complete : 0 Viols.  0 Wrngs.

**********End: VERIFY GEOMETRY**********
 *** verify geometry (CPU: 0:00:00.4  MEM: 74.5M)

<CMD> setVerifyGeometryMode -area { 0 0 0 0 }
<CMD> setLayerPreference violation -isVisible 1
<CMD> violationBrowser -all -no_display_false
<CMD_INTERNAL> violationBrowserClose
<CMD> setSrouteMode -viaConnectToShape { ring }
<CMD> sroute -connect { corePin } -layerChangeRange { metal1(1) metal6(6) } -blockPinTarget { nearestTarget } -corePinTarget { firstAfterRowEnd } -allowJogging 1 -crossoverViaLayerRange { metal1(1) metal6(6) } -nets { VCC GND } -allowLayerChange 1 -targetViaLayerRange { metal1(1) metal6(6) }
**WARN: (IMPSR-4058):	Sroute option: blockPinTarget should be used in conjunction with option: -connect blockPin. 
*** Begin SPECIAL ROUTE on Thu Jun 25 08:52:32 2020 ***
SPECIAL ROUTE ran on directory: /home/raid7_2/userb04/b4502040/ECC/Final/synthesis
SPECIAL ROUTE ran on machine: cad29 (Linux 2.6.32-754.el6.x86_64 Xeon 2.30Ghz)

Begin option processing ...
srouteConnectPowerBump set to false
routeSelectNet set to "VCC GND"
routeSpecial set to true
srouteBottomLayerLimit set to 1
srouteBottomTargetLayerLimit set to 1
srouteConnectBlockPin set to false
srouteConnectConverterPin set to false
srouteConnectPadPin set to false
srouteConnectStripe set to false
srouteCrossoverViaBottomLayer set to 1
srouteCrossoverViaTopLayer set to 6
srouteFollowCorePinEnd set to 3
srouteFollowPadPin set to false
srouteJogControl set to "preferWithChanges differentLayer"
srouteNoViaOnWireShape set to "padring stripe blockring blockpin coverpin noshape blockwire corewire followpin iowire"
sroutePadPinAllPorts set to true
sroutePreserveExistingRoutes set to true
srouteRoutePowerBarPortOnBothDir set to true
srouteStopBlockPin set to "nearestTarget"
srouteTopLayerLimit set to 6
srouteTopTargetLayerLimit set to 6
End option processing: cpu: 0:00:00, real: 0:00:00, peak: 1976.00 megs.

Reading DB technology information...
Finished reading DB technology information.
Reading floorplan and netlist information...
Finished reading floorplan and netlist information.
Read in 12 layers, 6 routing layers, 1 overlap layer
Read in 784 macros, 128 used
Read in 163 components
  119 core components: 119 unplaced, 0 placed, 0 fixed
  44 pad components: 0 unplaced, 0 placed, 44 fixed
Read in 32 logical pins
Read in 32 nets
Read in 2 special nets, 2 routed
Read in 242 terminals
2 nets selected.

Begin power routing ...
CPU time for FollowPin 0 seconds
CPU time for FollowPin 0 seconds
  Number of Core ports routed: 422
  Number of Followpin connections: 211
End power routing: cpu: 0:00:01, real: 0:00:01, peak: 1985.00 megs.



 Begin updating DB with routing results ...
 Updating DB with 0 via definition ...
sroute created 633 wires.
ViaGen created 18990 vias, deleted 0 via to avoid violation.
+--------+----------------+----------------+
|  Layer |     Created    |     Deleted    |
+--------+----------------+----------------+
| metal1 |       633      |       NA       |
|   via  |      6330      |        0       |
|  via2  |      6330      |        0       |
|  via3  |      6330      |        0       |
+--------+----------------+----------------+
